<?xml version="1.0" encoding="UTF-8"?>
<testng-results ignored="0" total="2" passed="2" failed="0" skipped="0">
  <reporter-output>
  </reporter-output>
  <suite started-at="2023-05-20T11:35:09 BST" name="practiceTestng" finished-at="2023-05-20T11:35:09 BST" duration-ms="100">
    <groups>
    </groups>
    <test started-at="2023-05-20T11:35:09 BST" name="Test" finished-at="2023-05-20T11:35:09 BST" duration-ms="100">
      <class name="Testngprac.practice1">
        <test-method signature="demo()[pri:0, instance:Testngprac.practice1@73700b80]" started-at="2023-05-20T11:35:09 BST" name="demo" finished-at="2023-05-20T11:35:09 BST" duration-ms="16" status="PASS">
          <reporter-output>
          </reporter-output>
        </test-method> <!-- demo -->
        <test-method signature="demo2()[pri:0, instance:Testngprac.practice1@73700b80]" started-at="2023-05-20T11:35:09 BST" name="demo2" finished-at="2023-05-20T11:35:09 BST" duration-ms="3" status="PASS">
          <reporter-output>
          </reporter-output>
        </test-method> <!-- demo2 -->
      </class> <!-- Testngprac.practice1 -->
    </test> <!-- Test -->
  </suite> <!-- practiceTestng -->
</testng-results>
